AirplaceTracker/app/build/outputs/logs/manifest-merger-debug-report.txt
-- Merging decision tree log ---
manifest
ADDED from src\main\AndroidManifest.xml:2:1-40:12
	package
		ADDED from src\main\AndroidManifest.xml:3:2-27
		INJECTED from src\main\AndroidManifest.xml
		INJECTED from src\main\AndroidManifest.xml
	android:versionName
		ADDED from src\main\AndroidManifest.xml:3:52-77
		INJECTED from src\main\AndroidManifest.xml
		INJECTED from src\main\AndroidManifest.xml
	android:versionCode
		ADDED from src\main\AndroidManifest.xml:3:28-51
		INJECTED from src\main\AndroidManifest.xml
		INJECTED from src\main\AndroidManifest.xml
	xmlns:android
		ADDED from src\main\AndroidManifest.xml:2:11-69
uses-sdk
ADDED from src\main\AndroidManifest.xml:4:2-40
	android:targetSdkVersion
		INJECTED from src\main\AndroidManifest.xml
		INJECTED from src\main\AndroidManifest.xml
	android:minSdkVersion
		ADDED from src\main\AndroidManifest.xml:4:12-37
		INJECTED from src\main\AndroidManifest.xml
		INJECTED from src\main\AndroidManifest.xml
uses-permission#android.permission.ACCESS_NETWORK_STATE
ADDED from src\main\AndroidManifest.xml:6:2-76
	android:name
		ADDED from src\main\AndroidManifest.xml:6:19-73
uses-permission#android.permission.WAKE_LOCK
ADDED from src\main\AndroidManifest.xml:7:2-65
	android:name
		ADDED from src\main\AndroidManifest.xml:7:19-62
uses-permission#android.permission.CHANGE_WIFI_STATE
ADDED from src\main\AndroidManifest.xml:8:2-73
	android:name
		ADDED from src\main\AndroidManifest.xml:8:19-70
uses-permission#android.permission.ACCESS_WIFI_STATE
ADDED from src\main\AndroidManifest.xml:9:2-73
	android:name
		ADDED from src\main\AndroidManifest.xml:9:19-70
uses-permission#android.permission.WRITE_EXTERNAL_STORAGE
ADDED from src\main\AndroidManifest.xml:10:2-78
	android:name
		ADDED from src\main\AndroidManifest.xml:10:19-75
uses-permission#android.permission.INTERNET
ADDED from src\main\AndroidManifest.xml:11:2-64
	android:name
		ADDED from src\main\AndroidManifest.xml:11:19-61
uses-permission#android.permission.VIBRATE
ADDED from src\main\AndroidManifest.xml:12:2-63
	android:name
		ADDED from src\main\AndroidManifest.xml:12:19-60
application
ADDED from src\main\AndroidManifest.xml:14:2-36:16
	android:label
		ADDED from src\main\AndroidManifest.xml:14:45-77
	android:icon
		ADDED from src\main\AndroidManifest.xml:14:15-44
activity#cy.com.airplace.FindMe
ADDED from src\main\AndroidManifest.xml:17:3-24:14
	android:screenOrientation
		ADDED from src\main\AndroidManifest.xml:19:4-40
	android:label
		ADDED from src\main\AndroidManifest.xml:17:36-68
	android:theme
		ADDED from src\main\AndroidManifest.xml:18:4-51
	android:name
		ADDED from src\main\AndroidManifest.xml:17:13-35
intent-filter#android.intent.action.MAIN+android.intent.category.LAUNCHER
ADDED from src\main\AndroidManifest.xml:20:4-23:20
action#android.intent.action.MAIN
ADDED from src\main\AndroidManifest.xml:21:5-57
	android:name
		ADDED from src\main\AndroidManifest.xml:21:13-54
category#android.intent.category.LAUNCHER
ADDED from src\main\AndroidManifest.xml:22:5-65
	android:name
		ADDED from src\main\AndroidManifest.xml:22:15-62
activity#cy.com.airplace.ChooseAnAlgorithm
ADDED from src\main\AndroidManifest.xml:26:3-27:43
	android:screenOrientation
		ADDED from src\main\AndroidManifest.xml:27:4-40
	android:label
		ADDED from src\main\AndroidManifest.xml:26:47-85
	android:name
		ADDED from src\main\AndroidManifest.xml:26:13-46
activity#cy.com.airplace.Preferences
ADDED from src\main\AndroidManifest.xml:29:3-30:71
	android:screenOrientation
		ADDED from src\main\AndroidManifest.xml:30:4-40
	android:label
		ADDED from src\main\AndroidManifest.xml:30:41-68
	android:name
		ADDED from src\main\AndroidManifest.xml:29:13-40
activity#cy.com.FileBrowser.AndroidFileBrowser
ADDED from src\main\AndroidManifest.xml:32:3-34:14
	android:screenOrientation
		ADDED from src\main\AndroidManifest.xml:33:4-40
	android:name
		ADDED from src\main\AndroidManifest.xml:32:13-65